<?xml version="1.0" encoding="UTF-8"?>
<testsuite name="ohtu.kauppa.KauppaTest" tests="7" skipped="0" failures="0" errors="0" timestamp="2017-11-22T20:59:35" hostname="fuxi16" time="0.983">
  <properties/>
  <testcase name="kauppaPyytaaUudenViitenumeronJokaiselleTapahtumalle" classname="ohtu.kauppa.KauppaTest" time="0.965"/>
  <testcase name="kaksiEriOstostaToinenLoppuOstostenPaatyttyaPankinMetodiaTilisiirtoKutsutaan" classname="ohtu.kauppa.KauppaTest" time="0.004"/>
  <testcase name="ostoksenPaaytyttyaPankinMetodiaTilisiirtoKutsutaan" classname="ohtu.kauppa.KauppaTest" time="0.002"/>
  <testcase name="kaksiEriOstostaOstostenPaatyttyaPankinMetodiaTilisiirtoKutsutaan" classname="ohtu.kauppa.KauppaTest" time="0.003"/>
  <testcase name="aloitaAsiointiNollaaEdellisen" classname="ohtu.kauppa.KauppaTest" time="0.002"/>
  <testcase name="kaksiSamaaOstostaOstostenPaatyttyaPankinMetodiaTilisiirtoKutsutaan" classname="ohtu.kauppa.KauppaTest" time="0.002"/>
  <testcase name="poistaKoristaPoistaaTuotteenKorista" classname="ohtu.kauppa.KauppaTest" time="0.001"/>
  <system-out><![CDATA[]]></system-out>
  <system-err><![CDATA[]]></system-err>
</testsuite>
